<?xml version="1.0" encoding="UTF-8"?>
<!-- Generated by org.testng.reporters.JUnitXMLReporter -->
<testsuite ignored="1" hostname="AITHCLT006" failures="1" tests="3" name="EnInitialReviewTest" time="9.864" errors="0" timestamp="2025-03-21T10:39:40 IST">
  <testcase classname="com.audree.infotech.pwo2.tests.Transcations.InitialReviewByQA" name="initialReviewWorkFlow" time="3.194">
    <failure type="org.openqa.selenium.NoSuchElementException" message="Unable to find element with locator By.xpath: (//a[@class=&amp;apos;work-order-link&amp;apos;])[1]
For documentation on this error, please visit: https://selenium.dev/exceptions/#no_such_element
Build info: version: &amp;apos;4.9.0&amp;apos;, revision: &amp;apos;d7057100a6&amp;apos;
System info: os.name: &amp;apos;Windows 10&amp;apos;, os.arch: &amp;apos;amd64&amp;apos;, os.version: &amp;apos;10.0&amp;apos;, java.version: &amp;apos;18.0.2.1&amp;apos;
Driver info: driver.version: RemoteWebDriver">
      <![CDATA[org.openqa.selenium.NoSuchElementException: Unable to find element with locator By.xpath: (//a[@class='work-order-link'])[1]
For documentation on this error, please visit: https://selenium.dev/exceptions/#no_such_element
Build info: version: '4.9.0', revision: 'd7057100a6'
System info: os.name: 'Windows 10', os.arch: 'amd64', os.version: '10.0', java.version: '18.0.2.1'
Driver info: driver.version: RemoteWebDriver
at org.openqa.selenium.remote.ElementLocation$ElementFinder$2.findElement(ElementLocation.java:165)
at org.openqa.selenium.remote.ElementLocation.findElement(ElementLocation.java:60)
at org.openqa.selenium.remote.RemoteWebDriver.findElement(RemoteWebDriver.java:352)
at org.openqa.selenium.remote.RemoteWebDriver.findElement(RemoteWebDriver.java:344)
at org.openqa.selenium.support.pagefactory.DefaultElementLocator.findElement(DefaultElementLocator.java:70)
at org.openqa.selenium.support.pagefactory.internal.LocatingElementHandler.invoke(LocatingElementHandler.java:39)
at jdk.proxy2/jdk.proxy2.$Proxy13.getText(Unknown Source)
at com.audree.infotech.pwo2.pages.masters.InitiatialReviewByQaPom.proceedActions(InitiatialReviewByQaPom.java:58)
at com.audree.infotech.pwo2.tests.Transcations.InitialReviewByQA.initialReviewWorkFlow(InitialReviewByQA.java:48)
at java.base/java.util.ArrayList.forEach(ArrayList.java:1511)
... Removed 25 stack frames]]>
    </failure>
  </testcase> <!-- initialReviewWorkFlow -->
  <testcase classname="com.audree.infotech.pwo2.tests.Transcations.InitialReviewByQA" name="savingRecord" time="2.043"/>
  <testcase classname="com.audree.infotech.pwo2.tests.Transcations.InitialReviewByQA" name="submittingRecord" time="0.619"/>
  <testcase classname="com.audree.infotech.pwo2.tests.Transcations.InitialReviewByQA" name="ReturnRecord" time="0.0">
    <ignored/>
  </testcase> <!-- ReturnRecord -->
</testsuite> <!-- EnInitialReviewTest -->
