<?xml version="1.0" encoding="UTF-8"?>
<!-- Generated by org.testng.reporters.JUnitXMLReporter -->
<testsuite ignored="2" hostname="AITHCLT006" failures="0" tests="2" name="EnInitialReviewTest" time="42.911" errors="0" timestamp="2025-01-20T16:18:35 IST">
  <testcase classname="com.audree.infotech.pwo2.tests.Transcations.InitialReviewByQA" name="initialReviewWorkFlow" time="1.385"/>
  <testcase classname="com.audree.infotech.pwo2.tests.Transcations.InitialReviewByQA" name="submittingRecord" time="34.534"/>
  <testcase classname="com.audree.infotech.pwo2.tests.Transcations.InitialReviewByQA" name="savingRecord" time="0.0">
    <ignored/>
  </testcase> <!-- savingRecord -->
  <testcase classname="com.audree.infotech.pwo2.tests.Transcations.InitialReviewByQA" name="ReturnRecord" time="0.0">
    <ignored/>
  </testcase> <!-- ReturnRecord -->
</testsuite> <!-- EnInitialReviewTest -->
