<?xml version="1.0" encoding="UTF-8"?>
<!-- Generated by org.testng.reporters.JUnitXMLReporter -->
<testsuite ignored="5" hostname="AITHCLT006" failures="0" tests="6" name="Combined Master Test" time="83.646" errors="0" timestamp="2025-04-09T15:57:44 IST">
  <testcase classname="com.audree.infotech.pwo2.tests.masters.Section" name="Create" time="12.201"/>
  <testcase classname="com.audree.infotech.pwo2.tests.masters.TypeOfWork" name="Create" time="10.708"/>
  <testcase classname="com.audree.infotech.pwo2.tests.masters.FailureObjectTest" name="Create" time="10.801"/>
  <testcase classname="com.audree.infotech.pwo2.tests.masters.BlockTest" name="Create" time="10.376"/>
  <testcase classname="com.audree.infotech.pwo2.tests.masters.RoomId" name="Create" time="9.878"/>
  <testcase classname="com.audree.infotech.pwo2.tests.masters.EquipOrInstId" name="Create" time="19.282"/>
  <testcase classname="com.audree.infotech.pwo2.testcomponents.BaseTest" name="@AfterSuite EndReport" time="0.0">
    <ignored/>
  </testcase> <!-- @AfterSuite EndReport -->
  <testcase classname="com.audree.infotech.pwo2.testcomponents.BaseTest" name="@AfterSuite EndReport" time="0.0">
    <ignored/>
  </testcase> <!-- @AfterSuite EndReport -->
  <testcase classname="com.audree.infotech.pwo2.testcomponents.BaseTest" name="@AfterSuite EndReport" time="0.0">
    <ignored/>
  </testcase> <!-- @AfterSuite EndReport -->
  <testcase classname="com.audree.infotech.pwo2.testcomponents.BaseTest" name="@AfterSuite EndReport" time="0.0">
    <ignored/>
  </testcase> <!-- @AfterSuite EndReport -->
  <testcase classname="com.audree.infotech.pwo2.testcomponents.BaseTest" name="@AfterSuite EndReport" time="0.0">
    <ignored/>
  </testcase> <!-- @AfterSuite EndReport -->
</testsuite> <!-- Combined Master Test -->
