<?xml version="1.0" encoding="UTF-8"?>
<!-- Generated by org.testng.reporters.JUnitXMLReporter -->
<testsuite ignored="2" hostname="AITHCLT006" failures="0" tests="3" name="Combined Master Test" time="53.181" errors="0" timestamp="2025-04-07T15:41:18 IST">
  <testcase classname="com.audree.infotech.pwo2.tests.masters.BlockTest" name="Create" time="15.754"/>
  <testcase classname="com.audree.infotech.pwo2.tests.masters.RoomId" name="Create" time="13.799"/>
  <testcase classname="com.audree.infotech.pwo2.tests.masters.EquipOrInstId" name="Create" time="17.703"/>
  <testcase classname="com.audree.infotech.pwo2.testcomponents.BaseTest" name="@AfterSuite EndReport" time="0.0">
    <ignored/>
  </testcase> <!-- @AfterSuite EndReport -->
  <testcase classname="com.audree.infotech.pwo2.testcomponents.BaseTest" name="@AfterSuite EndReport" time="0.0">
    <ignored/>
  </testcase> <!-- @AfterSuite EndReport -->
</testsuite> <!-- Combined Master Test -->
