<?xml version="1.0" encoding="UTF-8"?>
<!-- Generated by org.testng.reporters.JUnitXMLReporter -->
<testsuite ignored="1" hostname="AITHCLT006" failures="0" tests="3" name="EnInitialReviewTest" time="14.075" errors="0" timestamp="2025-04-09T15:58:42 IST">
  <testcase classname="com.audree.infotech.pwo2.tests.Transcations.InitialReviewByQA" name="initialReviewWorkFlow" time="1.233"/>
  <testcase classname="com.audree.infotech.pwo2.tests.Transcations.InitialReviewByQA" name="savingRecord" time="4.334"/>
  <testcase classname="com.audree.infotech.pwo2.tests.Transcations.InitialReviewByQA" name="submittingRecord" time="3.447"/>
  <testcase classname="com.audree.infotech.pwo2.tests.Transcations.InitialReviewByQA" name="ReturnRecord" time="0.0">
    <ignored/>
  </testcase> <!-- ReturnRecord -->
</testsuite> <!-- EnInitialReviewTest -->
