<?xml version="1.0" encoding="UTF-8"?>
<!-- Generated by org.testng.reporters.JUnitXMLReporter -->
<testsuite ignored="1" hostname="AITHCLT006" failures="0" tests="3" name="EnInitialReviewTest_QA" time="17.414" errors="0" timestamp="2025-04-09T15:58:27 IST">
  <testcase classname="com.audree.infotech.pwo2.tests.Transcations.EnInitialReviewTest" name="EnInitialReviewWorkFlow" time="2.336"/>
  <testcase classname="com.audree.infotech.pwo2.tests.Transcations.EnInitialReviewTest" name="savingRecord" time="6.13"/>
  <testcase classname="com.audree.infotech.pwo2.tests.Transcations.EnInitialReviewTest" name="submittingRecord" time="4.302"/>
  <testcase classname="com.audree.infotech.pwo2.tests.Transcations.EnInitialReviewTest" name="ReturnRecord" time="0.0">
    <ignored/>
  </testcase> <!-- ReturnRecord -->
</testsuite> <!-- EnInitialReviewTest_QA -->
