<?xml version="1.0" encoding="UTF-8"?>
<!-- Generated by org.testng.reporters.JUnitXMLReporter -->
<testsuite ignored="0" hostname="AITHCLT006" failures="0" tests="2" name="FailureObjectTest" time="5.875" errors="0" timestamp="2025-04-07T12:58:20 IST">
  <testcase classname="com.audree.infotech.pwo2.tests.masters.FailureObjectTest" name="Create" time="0.0">
    <skipped/>
  </testcase> <!-- Create -->
  <testcase classname="com.audree.infotech.pwo2.tests.masters.FailureObjectTest" name="Update" time="0.0">
    <skipped/>
  </testcase> <!-- Update -->
</testsuite> <!-- FailureObjectTest -->
