<?xml version="1.0" encoding="UTF-8"?>
<!-- Generated by org.testng.reporters.JUnitXMLReporter -->
<testsuite ignored="1" hostname="AITHCLT006" failures="0" tests="1" name="ImpactAssessmentByUserTest" time="19.258" errors="0" timestamp="2025-04-09T15:59:30 IST">
  <testcase classname="com.audree.infotech.pwo2.tests.Transcations.ImpactAssessmentByUserTest" name="submittingRecord" time="14.601"/>
  <testcase classname="com.audree.infotech.pwo2.tests.Transcations.ImpactAssessmentByUserTest" name="savingRecord" time="0.0">
    <ignored/>
  </testcase> <!-- savingRecord -->
</testsuite> <!-- ImpactAssessmentByUserTest -->
