<?xml version="1.0" encoding="UTF-8"?>
<!-- Generated by org.testng.reporters.JUnitXMLReporter -->
<testsuite ignored="0" hostname="AILT-100416" failures="0" tests="2" name="MaterialCode Test" time="0.059" errors="0" timestamp="2024-10-16T11:45:50 IST">
  <testcase classname="com.audree.infotech.pwo2.tests.masters.MaterialCodeTest" name="Create" time="0.0">
    <skipped/>
  </testcase> <!-- Create -->
  <testcase classname="com.audree.infotech.pwo2.tests.masters.MaterialCodeTest" name="Update" time="0.0">
    <skipped/>
  </testcase> <!-- Update -->
</testsuite> <!-- MaterialCode Test -->
