<?xml version="1.0" encoding="UTF-8"?>
<!-- Generated by org.testng.reporters.JUnitXMLReporter -->
<testsuite ignored="0" hostname="AITHCLT006" failures="0" tests="2" name="RoomName Test" time="21.031" errors="0" timestamp="2025-03-18T09:33:51 IST">
  <testcase classname="com.audree.infotech.pwo2.tests.masters.RoomName" name="Create" time="15.43"/>
  <testcase classname="com.audree.infotech.pwo2.tests.masters.RoomName" name="Update" time="0.0">
    <skipped/>
  </testcase> <!-- Update -->
</testsuite> <!-- RoomName Test -->
