<?xml version="1.0" encoding="UTF-8"?>
<!-- Generated by org.testng.reporters.JUnitXMLReporter -->
<testsuite ignored="0" hostname="AITHCLT006" failures="0" tests="2" name="Section Test" time="0.237" errors="0" timestamp="2025-03-18T09:35:19 IST">
  <testcase classname="com.audree.infotech.pwo2.tests.masters.Section" name="@BeforeMethod setUp" time="0.096">
    <failure type="java.lang.RuntimeException" message="Initialization failed">
      <![CDATA[java.lang.RuntimeException: Initialization failed
at com.audree.infotech.pwo2.tests.masters.Section.setUp(Section.java:35)
at java.base/java.util.ArrayList.forEach(ArrayList.java:1511)
Caused by: java.lang.NullPointerException: Cannot invoke "java.util.Properties.getProperty(String)" because "this.pro" is null
at com.audree.infotech.pwo2.tests.masters.Section.setUp(Section.java:23)
... 30 more
... Removed 29 stack frames]]>
    </failure>
  </testcase> <!-- @BeforeMethod setUp -->
  <testcase classname="com.audree.infotech.pwo2.testcomponents.BaseTest" name="@AfterMethod EndReport" time="0.0">
    <skipped/>
  </testcase> <!-- @AfterMethod EndReport -->
  <testcase classname="com.audree.infotech.pwo2.tests.masters.Section" name="@BeforeMethod setUp" time="0.0">
    <skipped/>
  </testcase> <!-- @BeforeMethod setUp -->
  <testcase classname="com.audree.infotech.pwo2.testcomponents.BaseTest" name="@AfterMethod EndReport" time="0.0">
    <skipped/>
  </testcase> <!-- @AfterMethod EndReport -->
  <testcase classname="com.audree.infotech.pwo2.tests.masters.Section" name="Create" time="0.0">
    <skipped/>
  </testcase> <!-- Create -->
  <testcase classname="com.audree.infotech.pwo2.tests.masters.Section" name="Update" time="0.0">
    <skipped/>
  </testcase> <!-- Update -->
</testsuite> <!-- Section Test -->
