<?xml version="1.0" encoding="UTF-8"?>
<!-- Generated by org.testng.reporters.JUnitXMLReporter -->
<testsuite ignored="0" hostname="AILT-100416" failures="0" tests="2" name="TypeOfWork Test" time="0.033" errors="0" timestamp="2024-10-16T11:45:51 IST">
  <testcase classname="com.audree.infotech.pwo2.tests.masters.TypeOfWork" name="Create" time="0.001">
    <skipped/>
  </testcase> <!-- Create -->
  <testcase classname="com.audree.infotech.pwo2.tests.masters.TypeOfWork" name="Update" time="0.0">
    <skipped/>
  </testcase> <!-- Update -->
</testsuite> <!-- TypeOfWork Test -->
