<?xml version="1.0" encoding="UTF-8"?>
<!-- Generated by org.testng.reporters.JUnitXMLReporter -->
<testsuite ignored="1" hostname="AITHCLT006" failures="0" tests="1" name="WorkUnderClosureTest" time="25.669" errors="0" timestamp="2025-04-09T16:00:22 IST">
  <testcase classname="com.audree.infotech.pwo2.tests.Transcations.WorkUnderClosure" name="submittingRecord" time="21.136"/>
  <testcase classname="com.audree.infotech.pwo2.tests.Transcations.WorkUnderClosure" name="savingRecord" time="0.0">
    <ignored/>
  </testcase> <!-- savingRecord -->
</testsuite> <!-- WorkUnderClosureTest -->
