<?xml version="1.0" encoding="UTF-8"?>
<!-- Generated by org.testng.reporters.JUnitXMLReporter -->
<testsuite ignored="2" hostname="AITHCLT006" failures="1" tests="1" name="WorkOrderInitiationTest" time="26.402" errors="0" timestamp="2025-04-09T15:58:10 IST">
  <testcase classname="com.audree.infotech.pwo2.tests.Transcations.WorkOrderInitiationTest" name="createWorkOrder" time="21.845">
    <failure type="java.lang.AssertionError" message="The following asserts failed:
	Room ID mismatch expected [null] but found [R10C]">
      <![CDATA[java.lang.AssertionError: The following asserts failed:
Room ID mismatch expected [null] but found [R10C]
at com.audree.infotech.pwo2.pages.masters.WorkOrderInitiationPom.validateWorkOrderInTable(WorkOrderInitiationPom.java:325)
at com.audree.infotech.pwo2.tests.Transcations.WorkOrderInitiationTest.initiatedTab(WorkOrderInitiationTest.java:122)
at com.audree.infotech.pwo2.tests.Transcations.WorkOrderInitiationTest.submitRecord(WorkOrderInitiationTest.java:86)
at com.audree.infotech.pwo2.tests.Transcations.WorkOrderInitiationTest.createWorkOrder(WorkOrderInitiationTest.java:74)
at java.base/java.util.ArrayList.forEach(ArrayList.java:1511)
... Removed 27 stack frames]]>
    </failure>
  </testcase> <!-- createWorkOrder -->
  <testcase classname="com.audree.infotech.pwo2.tests.Transcations.WorkOrderInitiationTest" name="reInitiateRecord" time="0.0">
    <ignored/>
  </testcase> <!-- reInitiateRecord -->
  <testcase classname="com.audree.infotech.pwo2.tests.Transcations.WorkOrderInitiationTest" name="saveRecord" time="0.0">
    <ignored/>
  </testcase> <!-- saveRecord -->
</testsuite> <!-- WorkOrderInitiationTest -->
