<?xml version="1.0" encoding="UTF-8"?>
<!-- Generated by org.testng.reporters.JUnitXMLReporter -->
<testsuite ignored="3" hostname="AILT-100416" failures="0" tests="2" name="WorkUnderProgressTestCases" time="11.372" errors="0" timestamp="2024-09-26T17:06:58 IST">
  <testcase classname="com.audree.infotech.pwo2.tests.Transcations.WorkUnderProgressTest" name="WorkUnderProgressSelect" time="1.584"/>
  <testcase classname="com.audree.infotech.pwo2.tests.Transcations.WorkUnderProgressTest" name="WorkUnderProgressSubmit" time="4.81"/>
  <testcase classname="com.audree.infotech.pwo2.tests.Transcations.WorkUnderProgressTest" name="WorkUnderProgressSave" time="0.0">
    <ignored/>
  </testcase> <!-- WorkUnderProgressSave -->
  <testcase classname="com.audree.infotech.pwo2.tests.Transcations.WorkUnderProgressTest" name="WorkUnderProgressActivitySave" time="0.0">
    <ignored/>
  </testcase> <!-- WorkUnderProgressActivitySave -->
  <testcase classname="com.audree.infotech.pwo2.tests.Transcations.WorkUnderProgressTest" name="WorkUnderProgressActivitySubmit" time="0.0">
    <ignored/>
  </testcase> <!-- WorkUnderProgressActivitySubmit -->
</testsuite> <!-- WorkUnderProgressTestCases -->
