<?xml version="1.0" encoding="UTF-8"?>
<!-- Generated by org.testng.reporters.JUnitXMLReporter -->
<testsuite ignored="0" hostname="AITHCLT006" failures="0" tests="5" name="WorkUnderProgressTestCases" time="29.839" errors="0" timestamp="2025-04-01T15:22:14 IST">
  <testcase classname="com.audree.infotech.pwo2.tests.Transcations.WorkUnderProgressTest" name="WorkUnderProgressSelect" time="2.046"/>
  <testcase classname="com.audree.infotech.pwo2.tests.Transcations.WorkUnderProgressTest" name="WorkUnderProgressActivitySave" time="2.481"/>
  <testcase classname="com.audree.infotech.pwo2.tests.Transcations.WorkUnderProgressTest" name="WorkUnderProgressActivitySubmit" time="3.547"/>
  <testcase classname="com.audree.infotech.pwo2.tests.Transcations.WorkUnderProgressTest" name="WorkUnderProgressSave" time="8.967"/>
  <testcase classname="com.audree.infotech.pwo2.tests.Transcations.WorkUnderProgressTest" name="WorkUnderProgressSubmit" time="6.702"/>
</testsuite> <!-- WorkUnderProgressTestCases -->
