<?xml version="1.0" encoding="UTF-8"?>
<!-- Generated by org.testng.reporters.JUnitXMLReporter -->
<testsuite ignored="0" hostname="AITHCLT006" failures="0" tests="1" name="Section Test" time="0.506" errors="0" timestamp="2025-04-07T15:49:08 IST">
  <testcase classname="com.audree.infotech.pwo2.testcomponents.BaseTest" name="@BeforeClass suiteSetUp" time="0.461">
    <failure type="java.lang.ExceptionInInitializerError">
      <![CDATA[java.lang.ExceptionInInitializerError
at org.openqa.selenium.remote.HttpCommandExecutor.getDefaultClientFactory(HttpCommandExecutor.java:62)
at org.openqa.selenium.remote.HttpCommandExecutor.<init>(HttpCommandExecutor.java:96)
at org.openqa.selenium.remote.service.DriverCommandExecutor.<init>(DriverCommandExecutor.java:88)
at org.openqa.selenium.chromium.ChromiumDriverCommandExecutor.<init>(ChromiumDriverCommandExecutor.java:40)
at org.openqa.selenium.chrome.ChromeDriver$ChromeDriverCommandExecutor.<init>(ChromeDriver.java:111)
at org.openqa.selenium.chrome.ChromeDriver.generateExecutor(ChromeDriver.java:101)
at org.openqa.selenium.chrome.ChromeDriver.<init>(ChromeDriver.java:88)
at org.openqa.selenium.chrome.ChromeDriver.<init>(ChromeDriver.java:84)
at org.openqa.selenium.chrome.ChromeDriver.<init>(ChromeDriver.java:52)
at com.audree.infotech.pwo2.testcomponents.BaseTest.suiteSetUp(BaseTest.java:59)
at java.base/java.util.ArrayList.forEach(ArrayList.java:1511)
Caused by: java.lang.IllegalArgumentException: Unknown HttpClient factory jdk-http-client
at org.openqa.selenium.remote.http.HttpClient$Factory.create(HttpClient.java:57)
at org.openqa.selenium.remote.http.HttpClient$Factory.createDefault(HttpClient.java:73)
at org.openqa.selenium.remote.HttpCommandExecutor$DefaultClientFactoryHolder.<clinit>(HttpCommandExecutor.java:58)
... 34 more
... Removed 23 stack frames]]>
    </failure>
  </testcase> <!-- @BeforeClass suiteSetUp -->
  <testcase classname="com.audree.infotech.pwo2.tests.masters.Section" name="Create" time="0.0">
    <skipped/>
  </testcase> <!-- Create -->
</testsuite> <!-- Section Test -->
