<?xml version="1.0" encoding="UTF-8"?>
<!-- Generated by org.testng.reporters.JUnitXMLReporter -->
<testsuite ignored="0" hostname="AILT-100416" failures="0" tests="2" name="EquipOrInstIdTest" time="6.406" errors="0" timestamp="2024-10-15T12:53:40 IST">
  <testcase classname="com.audree.infotech.pwo2.tests.masters.EquipOrInstId" name="Create" time="5.558"/>
  <testcase classname="com.audree.infotech.pwo2.tests.masters.EquipOrInstId" name="Update" time="0.008"/>
</testsuite> <!-- EquipOrInstIdTest -->
