<?xml version="1.0" encoding="UTF-8"?>
<!-- Generated by org.testng.reporters.JUnitXMLReporter -->
<testsuite ignored="0" hostname="AILT-100416" failures="0" tests="2" name="MaterialCodeTest" time="14.63" errors="0" timestamp="2024-10-10T15:59:18 IST">
  <testcase classname="com.audree.infotech.pwo2.tests.masters.MaterialCodeTest" name="Create" time="8.633"/>
  <testcase classname="com.audree.infotech.pwo2.tests.masters.MaterialCodeTest" name="Update" time="5.104"/>
</testsuite> <!-- MaterialCodeTest -->
