<?xml version="1.0" encoding="UTF-8"?>
<!-- Generated by org.testng.reporters.JUnitXMLReporter -->
<testsuite ignored="1" hostname="AITHCLT006" failures="0" tests="1" name="ClosureInitiationTest" time="36.173" errors="0" timestamp="2025-01-20T17:30:14 IST">
  <testcase classname="com.audree.infotech.pwo2.tests.Transcations.ClosureInitiation" name="submittingRecord" time="32.659"/>
  <testcase classname="com.audree.infotech.pwo2.tests.Transcations.ClosureInitiation" name="savingRecord" time="0.0">
    <ignored/>
  </testcase> <!-- savingRecord -->
</testsuite> <!-- ClosureInitiationTest -->
