<?xml version="1.0" encoding="UTF-8"?>
<!-- Generated by org.testng.reporters.JUnitXMLReporter -->
<testsuite ignored="1" hostname="AILT-100416" failures="0" tests="1" name="ClosureInitiationTest" time="5.844" errors="0" timestamp="2024-09-27T11:40:52 IST">
  <testcase classname="com.audree.infotech.pwo2.tests.Transcations.ClosureInitiation" name="submittingRecord" time="2.189"/>
  <testcase classname="com.audree.infotech.pwo2.tests.Transcations.ClosureInitiation" name="savingRecord" time="0.0">
    <ignored/>
  </testcase> <!-- savingRecord -->
</testsuite> <!-- ClosureInitiationTest -->
