<?xml version="1.0" encoding="UTF-8"?>
<!-- Generated by org.testng.reporters.JUnitXMLReporter -->
<testsuite ignored="2" hostname="AILT-100416" failures="0" tests="1" name="WorkOrderInitiationTest_SavingRecord" time="36.61" errors="0" timestamp="2024-09-06T12:34:57 IST">
  <testcase classname="com.audree.infotech.pwo2.tests.Transcations.WorkOrderInitiationTest" name="savingRecord" time="34.692"/>
  <testcase classname="com.audree.infotech.pwo2.tests.Transcations.WorkOrderInitiationTest" name="createWorkOrder" time="0.0">
    <ignored/>
  </testcase> <!-- createWorkOrder -->
  <testcase classname="com.audree.infotech.pwo2.tests.Transcations.WorkOrderInitiationTest" name="submittingRecord" time="0.0">
    <ignored/>
  </testcase> <!-- submittingRecord -->
</testsuite> <!-- WorkOrderInitiationTest_SavingRecord -->
