<?xml version="1.0" encoding="UTF-8"?>
<!-- Generated by org.testng.reporters.JUnitXMLReporter -->
<testsuite ignored="2" hostname="AILT-100416" failures="0" tests="2" name="WorkOrderInitiationTest" time="29.275" errors="0" timestamp="2024-09-26T12:14:31 IST">
  <testcase classname="com.audree.infotech.pwo2.tests.Transcations.WorkOrderInitiationTest" name="createWorkOrder" time="3.214"/>
  <testcase classname="com.audree.infotech.pwo2.tests.Transcations.WorkOrderInitiationTest" name="saveRecord" time="21.263"/>
  <testcase classname="com.audree.infotech.pwo2.tests.Transcations.WorkOrderInitiationTest" name="submitRecord" time="0.0">
    <ignored/>
  </testcase> <!-- submitRecord -->
  <testcase classname="com.audree.infotech.pwo2.tests.Transcations.WorkOrderInitiationTest" name="reInitiateRecord" time="0.0">
    <ignored/>
  </testcase> <!-- reInitiateRecord -->
</testsuite> <!-- WorkOrderInitiationTest -->
