<?xml version="1.0" encoding="UTF-8"?>
<!-- Generated by org.testng.reporters.JUnitXMLReporter -->
<testsuite ignored="2" hostname="AILT-100416" failures="0" tests="1" name="WorkOrderInitiationTest_CreateWorkOrder" time="0.342" errors="0" timestamp="2024-09-06T12:34:21 IST">
  <testcase classname="com.audree.infotech.pwo2.tests.Transcations.WorkOrderInitiationTest" name="@BeforeClass setUp" time="0.084">
    <failure type="java.lang.NullPointerException" message="Cannot invoke &amp;quot;java.util.Properties.getProperty(String)&amp;quot; because &amp;quot;this.pro&amp;quot; is null">
      <![CDATA[java.lang.NullPointerException: Cannot invoke "java.util.Properties.getProperty(String)" because "this.pro" is null
at com.audree.infotech.pwo2.tests.Transcations.WorkOrderInitiationTest.setUp(WorkOrderInitiationTest.java:19)
at java.base/java.util.ArrayList.forEach(ArrayList.java:1511)
... Removed 23 stack frames]]>
    </failure>
  </testcase> <!-- @BeforeClass setUp -->
  <testcase classname="com.audree.infotech.pwo2.testcomponents.BaseTest" name="@AfterMethod EndReport" time="0.0">
    <skipped/>
  </testcase> <!-- @AfterMethod EndReport -->
  <testcase classname="com.audree.infotech.pwo2.tests.Transcations.WorkOrderInitiationTest" name="createWorkOrder" time="0.0">
    <skipped/>
  </testcase> <!-- createWorkOrder -->
  <testcase classname="com.audree.infotech.pwo2.tests.Transcations.WorkOrderInitiationTest" name="submittingRecord" time="0.0">
    <ignored/>
  </testcase> <!-- submittingRecord -->
  <testcase classname="com.audree.infotech.pwo2.tests.Transcations.WorkOrderInitiationTest" name="savingRecord" time="0.0">
    <ignored/>
  </testcase> <!-- savingRecord -->
</testsuite> <!-- WorkOrderInitiationTest_CreateWorkOrder -->
