<?xml version="1.0" encoding="UTF-8"?>
<!-- Generated by org.testng.reporters.JUnitXMLReporter -->
<testsuite ignored="2" hostname="AITHCLT006" failures="0" tests="2" name="WorkOrderInitiationTest" time="24.463" errors="0" timestamp="2025-03-21T10:34:10 IST">
  <testcase classname="com.audree.infotech.pwo2.tests.Transcations.WorkOrderInitiationTest" name="createWorkOrder" time="17.365"/>
  <testcase classname="com.audree.infotech.pwo2.tests.Transcations.WorkOrderInitiationTest" name="submitRecord" time="3.148"/>
  <testcase classname="com.audree.infotech.pwo2.tests.Transcations.WorkOrderInitiationTest" name="saveRecord" time="0.0">
    <ignored/>
  </testcase> <!-- saveRecord -->
  <testcase classname="com.audree.infotech.pwo2.tests.Transcations.WorkOrderInitiationTest" name="reInitiateRecord" time="0.0">
    <ignored/>
  </testcase> <!-- reInitiateRecord -->
</testsuite> <!-- WorkOrderInitiationTest -->
