<?xml version="1.0" encoding="UTF-8"?>
<!-- Generated by org.testng.reporters.JUnitXMLReporter -->
<testsuite ignored="2" hostname="AILT-100416" failures="0" tests="0" time="3.895" errors="0" timestamp="2024-08-22T16:07:22 IST">
  <testcase classname="com.audree.infotech.pwo2.tests.RoomName" name="Create" time="0.0">
    <ignored/>
  </testcase> <!-- Create -->
  <testcase classname="com.audree.infotech.pwo2.tests.RoomName" name="Update" time="0.0">
    <ignored/>
  </testcase> <!-- Update -->
</testsuite>
