<?xml version="1.0" encoding="UTF-8"?>
<!-- Generated by org.testng.reporters.JUnitXMLReporter -->
<testsuite ignored="0" hostname="AILT-100416" failures="0" tests="2" name="FailureObjectTest" time="6.507" errors="0" timestamp="2024-09-05T12:46:50 IST">
  <testcase classname="com.audree.infotech.pwo2.tests.masters.FailureObjectTest" name="Create" time="2.507"/>
  <testcase classname="com.audree.infotech.pwo2.tests.masters.FailureObjectTest" name="Update" time="3.485"/>
</testsuite> <!-- FailureObjectTest -->
