<?xml version="1.0" encoding="UTF-8"?>
<!-- Generated by org.testng.reporters.JUnitXMLReporter -->
<testsuite ignored="1" hostname="AILT-100416" failures="0" tests="1" name="EquipOrInstIdTest_Create" time="30.541" errors="0" timestamp="2024-08-27T12:43:26 IST">
  <testcase classname="com.audree.infotech.pwo2.tests.EquipOrInstId" name="Create" time="30.483"/>
  <testcase classname="com.audree.infotech.pwo2.tests.EquipOrInstId" name="Update" time="0.0">
    <ignored/>
  </testcase> <!-- Update -->
</testsuite> <!-- EquipOrInstIdTest_Create -->
