<?xml version="1.0" encoding="UTF-8"?>
<!-- Generated by org.testng.reporters.JUnitXMLReporter -->
<testsuite ignored="1" hostname="AILT-100416" failures="0" tests="1" name="EquipOrInstIdTest_Update" time="1.234" errors="0" timestamp="2024-08-27T12:43:27 IST">
  <testcase classname="com.audree.infotech.pwo2.tests.EquipOrInstId" name="Update" time="1.183"/>
  <testcase classname="com.audree.infotech.pwo2.tests.EquipOrInstId" name="Create" time="0.0">
    <ignored/>
  </testcase> <!-- Create -->
</testsuite> <!-- EquipOrInstIdTest_Update -->
