<?xml version="1.0" encoding="UTF-8"?>
<!-- Generated by org.testng.reporters.JUnitXMLReporter -->
<testsuite ignored="1" hostname="AILT-100416" failures="0" tests="1" name="EquipOrInstId_Create" time="0.105" errors="0" timestamp="2024-09-03T13:59:01 IST">
  <testcase classname="com.audree.infotech.pwo2.tests.masters.EquipOrInstId" name="Create" time="0.015"/>
  <testcase classname="com.audree.infotech.pwo2.tests.masters.EquipOrInstId" name="Update" time="0.0">
    <ignored/>
  </testcase> <!-- Update -->
</testsuite> <!-- EquipOrInstId_Create -->
