<?xml version="1.0" encoding="UTF-8"?>
<!-- Generated by org.testng.reporters.JUnitXMLReporter -->
<testsuite ignored="1" hostname="AILT-100416" failures="0" tests="1" name="EquipOrInstNameTest_Create" time="0.326" errors="0" timestamp="2024-09-03T14:51:57 IST">
  <testcase classname="com.audree.infotech.pwo2.tests.masters.EquipOrInstName" name="@BeforeMethod setUp" time="0.075">
    <failure type="java.lang.NullPointerException" message="Cannot invoke &amp;quot;org.openqa.selenium.WebDriver.manage()&amp;quot; because &amp;quot;driver&amp;quot; is null">
      <![CDATA[java.lang.NullPointerException: Cannot invoke "org.openqa.selenium.WebDriver.manage()" because "driver" is null
at com.audree.infotech.pwo2.utils.CommonData.<init>(CommonData.java:37)
at com.audree.infotech.pwo2.pages.masters.EquipOrInstName_pom.<init>(EquipOrInstName_pom.java:24)
at com.audree.infotech.pwo2.tests.masters.EquipOrInstName.setUp(EquipOrInstName.java:19)
at java.base/java.util.ArrayList.forEach(ArrayList.java:1511)
... Removed 29 stack frames]]>
    </failure>
  </testcase> <!-- @BeforeMethod setUp -->
  <testcase classname="com.audree.infotech.pwo2.testcomponents.BaseTest" name="@AfterMethod EndReport" time="0.0">
    <skipped/>
  </testcase> <!-- @AfterMethod EndReport -->
  <testcase classname="com.audree.infotech.pwo2.tests.masters.EquipOrInstName" name="Create" time="0.001">
    <skipped/>
  </testcase> <!-- Create -->
  <testcase classname="com.audree.infotech.pwo2.tests.masters.EquipOrInstName" name="Update" time="0.0">
    <ignored/>
  </testcase> <!-- Update -->
</testsuite> <!-- EquipOrInstNameTest_Create -->
