<?xml version="1.0" encoding="UTF-8"?>
<!-- Generated by org.testng.reporters.JUnitXMLReporter -->
<testsuite ignored="1" hostname="AILT-100416" failures="0" tests="1" name="FailureObjectTest_Update" time="0.119" errors="0" timestamp="2024-09-03T13:59:00 IST">
  <testcase classname="com.audree.infotech.pwo2.tests.masters.FailureObjectTest" name="Update" time="0.016"/>
  <testcase classname="com.audree.infotech.pwo2.tests.masters.FailureObjectTest" name="Create" time="0.0">
    <ignored/>
  </testcase> <!-- Create -->
</testsuite> <!-- FailureObjectTest_Update -->
