<?xml version="1.0" encoding="UTF-8"?>
<!-- Generated by org.testng.reporters.JUnitXMLReporter -->
<testsuite ignored="1" hostname="AILT-100416" failures="0" tests="1" name="MaterialCodeTest_Update" time="17.924" errors="0" timestamp="2024-08-29T18:12:03 IST">
  <testcase classname="com.audree.infotech.pwo2.tests.MaterialCodeTest" name="Update" time="17.858"/>
  <testcase classname="com.audree.infotech.pwo2.tests.MaterialCodeTest" name="Create" time="0.0">
    <ignored/>
  </testcase> <!-- Create -->
</testsuite> <!-- MaterialCodeTest_Update -->
