<?xml version="1.0" encoding="UTF-8"?>
<!-- Generated by org.testng.reporters.JUnitXMLReporter -->
<testsuite ignored="1" hostname="AILT-100416" failures="0" tests="1" name="MaterialNameTest_Update" time="0.064" errors="0" timestamp="2024-09-03T13:59:00 IST">
  <testcase classname="com.audree.infotech.pwo2.tests.masters.MaterialNameTest" name="Update" time="0.007"/>
  <testcase classname="com.audree.infotech.pwo2.tests.masters.MaterialNameTest" name="Create" time="0.0">
    <ignored/>
  </testcase> <!-- Create -->
</testsuite> <!-- MaterialNameTest_Update -->
