<?xml version="1.0" encoding="UTF-8"?>
<!-- Generated by org.testng.reporters.JUnitXMLReporter -->
<testsuite ignored="1" hostname="AILT-100416" failures="0" tests="1" name="RoomIdTest_Update" time="30.136" errors="0" timestamp="2024-08-27T12:42:56 IST">
  <testcase classname="com.audree.infotech.pwo2.tests.RoomId" name="Update" time="30.077"/>
  <testcase classname="com.audree.infotech.pwo2.tests.RoomId" name="Create" time="0.0">
    <ignored/>
  </testcase> <!-- Create -->
</testsuite> <!-- RoomIdTest_Update -->
