<?xml version="1.0" encoding="UTF-8"?>
<!-- Generated by org.testng.reporters.JUnitXMLReporter -->
<testsuite ignored="1" hostname="AILT-100416" failures="0" tests="1" name="RoomIdTest_Create" time="30.393" errors="0" timestamp="2024-08-27T12:42:25 IST">
  <testcase classname="com.audree.infotech.pwo2.tests.RoomId" name="Create" time="30.335"/>
  <testcase classname="com.audree.infotech.pwo2.tests.RoomId" name="Update" time="0.0">
    <ignored/>
  </testcase> <!-- Update -->
</testsuite> <!-- RoomIdTest_Create -->
