<?xml version="1.0" encoding="UTF-8"?>
<!-- Generated by org.testng.reporters.JUnitXMLReporter -->
<testsuite ignored="1" hostname="AILT-100416" failures="0" tests="1" name="Section_Update" time="0.012" errors="0" timestamp="2024-09-03T14:05:59 IST">
  <testcase classname="com.audree.infotech.pwo2.tests.masters.Section" name="Update" time="0.0">
    <skipped/>
  </testcase> <!-- Update -->
  <testcase classname="com.audree.infotech.pwo2.tests.masters.Section" name="Create" time="0.0">
    <ignored/>
  </testcase> <!-- Create -->
</testsuite> <!-- Section_Update -->
