<?xml version="1.0" encoding="UTF-8"?>
<!-- Generated by org.testng.reporters.JUnitXMLReporter -->
<testsuite ignored="2" hostname="AILT-100416" failures="0" tests="0" time="0.001" errors="0" timestamp="2024-08-27T15:49:11 IST">
  <testcase classname="com.audree.infotech.pwo2.tests.Section" name="Update" time="0.0">
    <ignored/>
  </testcase> <!-- Update -->
  <testcase classname="com.audree.infotech.pwo2.tests.Section" name="Create" time="0.0">
    <ignored/>
  </testcase> <!-- Create -->
</testsuite>
