<?xml version="1.0" encoding="UTF-8"?>
<!-- Generated by org.testng.reporters.JUnitXMLReporter -->
<testsuite ignored="1" hostname="AILT-100416" failures="0" tests="1" name="TypeOfWorkTest_Update" time="14.145" errors="0" timestamp="2024-08-29T18:04:08 IST">
  <testcase classname="com.audree.infotech.pwo2.tests.TypeOfWork" name="Update" time="14.085"/>
  <testcase classname="com.audree.infotech.pwo2.tests.TypeOfWork" name="Create" time="0.0">
    <ignored/>
  </testcase> <!-- Create -->
</testsuite> <!-- TypeOfWorkTest_Update -->
