<?xml version="1.0" encoding="UTF-8"?>
<!-- Generated by org.testng.reporters.JUnitXMLReporter -->
<testsuite ignored="1" hostname="AILT-100416" failures="0" tests="1" name="TypeOfWorkTest_Create" time="1.289" errors="0" timestamp="2024-08-29T18:03:54 IST">
  <testcase classname="com.audree.infotech.pwo2.tests.TypeOfWork" name="Create" time="1.203"/>
  <testcase classname="com.audree.infotech.pwo2.tests.TypeOfWork" name="Update" time="0.0">
    <ignored/>
  </testcase> <!-- Update -->
</testsuite> <!-- TypeOfWorkTest_Create -->
