<?xml version="1.0" encoding="UTF-8"?>
<!-- Generated by org.testng.reporters.JUnitXMLReporter -->
<testsuite ignored="1" hostname="AILT-100416" failures="0" tests="1" name="RoomId_Update" time="3.587" errors="0" timestamp="2024-08-27T17:12:51 IST">
  <testcase classname="com.audree.infotech.pwo2.tests.RoomId" name="Update" time="3.495"/>
  <testcase classname="com.audree.infotech.pwo2.tests.RoomId" name="Create" time="0.0">
    <ignored/>
  </testcase> <!-- Create -->
</testsuite> <!-- RoomId_Update -->
