<?xml version="1.0" encoding="UTF-8"?>
<!-- Generated by org.testng.reporters.JUnitXMLReporter -->
<testsuite ignored="0" hostname="AILT-100416" failures="0" tests="2" name="EquipOrInstIdTest" time="16.593" errors="0" timestamp="2024-10-10T16:01:35 IST">
  <testcase classname="com.audree.infotech.pwo2.tests.masters.EquipOrInstId" name="Create" time="11.335"/>
  <testcase classname="com.audree.infotech.pwo2.tests.masters.EquipOrInstId" name="Update" time="4.297"/>
</testsuite> <!-- EquipOrInstIdTest -->
