<?xml version="1.0" encoding="UTF-8"?>
<!-- Generated by org.testng.reporters.JUnitXMLReporter -->
<testsuite ignored="0" hostname="AILT-100416" failures="0" tests="2" name="EquipOrInstIdTest" time="19.08" errors="0" timestamp="2024-09-25T11:53:20 IST">
  <testcase classname="com.audree.infotech.pwo2.tests.masters.EquipOrInstId" name="Create" time="13.226"/>
  <testcase classname="com.audree.infotech.pwo2.tests.masters.EquipOrInstId" name="Update" time="4.736"/>
</testsuite> <!-- EquipOrInstIdTest -->
