<?xml version="1.0" encoding="UTF-8"?>
<!-- Generated by org.testng.reporters.JUnitXMLReporter -->
<testsuite ignored="0" hostname="AILT-100416" failures="0" tests="2" name="EquipOrInstName Test" time="12.058" errors="0" timestamp="2024-09-25T11:42:47 IST">
  <testcase classname="com.audree.infotech.pwo2.tests.masters.EquipOrInstName" name="Create" time="6.332"/>
  <testcase classname="com.audree.infotech.pwo2.tests.masters.EquipOrInstName" name="Update" time="4.617"/>
</testsuite> <!-- EquipOrInstName Test -->
