<?xml version="1.0" encoding="UTF-8"?>
<!-- Generated by org.testng.reporters.JUnitXMLReporter -->
<testsuite ignored="0" hostname="AILT-100416" failures="0" tests="2" name="EquipOrInstName Test" time="10.446" errors="0" timestamp="2024-10-10T15:49:59 IST">
  <testcase classname="com.audree.infotech.pwo2.tests.masters.EquipOrInstName" name="Create" time="5.338"/>
  <testcase classname="com.audree.infotech.pwo2.tests.masters.EquipOrInstName" name="Update" time="4.209"/>
</testsuite> <!-- EquipOrInstName Test -->
