<?xml version="1.0" encoding="UTF-8"?>
<!-- Generated by org.testng.reporters.JUnitXMLReporter -->
<testsuite ignored="1" hostname="AILT-100416" failures="1" tests="2" name="Closure Initiation" time="4.599" errors="0" timestamp="2024-09-13T11:48:17 IST">
  <testcase classname="com.audree.infotech.pwo2.tests.Transcations.ClosureInitiation" name="closureInitiation" time="1.639"/>
  <testcase classname="com.audree.infotech.pwo2.tests.Transcations.ClosureInitiation" name="savingRecord" time="0.0">
    <failure type="org.testng.TestNGException" message="
Cannot inject @Test annotated Method [savingRecord] with [class java.lang.String].
For more information on native dependency injection please refer to https://testng.org/#_dependency_injection">
      <![CDATA[org.testng.TestNGException: 
Cannot inject @Test annotated Method [savingRecord] with [class java.lang.String].
For more information on native dependency injection please refer to https://testng.org/#_dependency_injection
at java.base/java.util.ArrayList.forEach(ArrayList.java:1511)
... Removed 26 stack frames]]>
    </failure>
  </testcase> <!-- savingRecord -->
  <testcase classname="com.audree.infotech.pwo2.tests.Transcations.ClosureInitiation" name="submittingRecord" time="0.0">
    <ignored/>
  </testcase> <!-- submittingRecord -->
</testsuite> <!-- Closure Initiation -->
