<?xml version="1.0" encoding="UTF-8"?>
<!-- Generated by org.testng.reporters.JUnitXMLReporter -->
<testsuite ignored="0" hostname="AILT-100416" failures="0" tests="2" name="MaterialNameTest" time="6.648" errors="0" timestamp="2024-09-05T12:53:34 IST">
  <testcase classname="com.audree.infotech.pwo2.tests.masters.MaterialNameTest" name="Create" time="2.832"/>
  <testcase classname="com.audree.infotech.pwo2.tests.masters.MaterialNameTest" name="Update" time="3.347"/>
</testsuite> <!-- MaterialNameTest -->
