<?xml version="1.0" encoding="UTF-8"?>
<!-- Generated by org.testng.reporters.JUnitXMLReporter -->
<testsuite ignored="0" hostname="AILT-100416" failures="0" tests="2" name="MaterialNameTest" time="11.576" errors="0" timestamp="2024-09-25T11:47:36 IST">
  <testcase classname="com.audree.infotech.pwo2.tests.masters.MaterialNameTest" name="Create" time="5.955"/>
  <testcase classname="com.audree.infotech.pwo2.tests.masters.MaterialNameTest" name="Update" time="4.522"/>
</testsuite> <!-- MaterialNameTest -->
