<?xml version="1.0" encoding="UTF-8"?>
<testng-results ignored="0" total="1" passed="1" failed="0" skipped="0">
  <reporter-output>
  </reporter-output>
  <suite started-at="2025-01-20T17:53:59 IST" name="FinalClosureSuite" finished-at="2025-01-20T17:56:03 IST" duration-ms="123650">
    <groups>
    </groups>
    <test started-at="2025-01-20T17:53:59 IST" name="FinalClosureTest" finished-at="2025-01-20T17:56:03 IST" duration-ms="123650">
      <class name="com.audree.infotech.pwo2.tests.Transcations.FinalClosureQATest">
        <test-method is-config="true" signature="initializeExtentTest()[pri:0, instance:com.audree.infotech.pwo2.tests.Transcations.FinalClosureQATest@7b5a12ae]" started-at="2025-01-20T17:53:56 IST" name="initializeExtentTest" finished-at="2025-01-20T17:53:56 IST" duration-ms="58" status="PASS">
          <reporter-output>
          </reporter-output>
        </test-method> <!-- initializeExtentTest -->
        <test-method is-config="true" signature="suiteSetUp()[pri:0, instance:com.audree.infotech.pwo2.tests.Transcations.FinalClosureQATest@7b5a12ae]" started-at="2025-01-20T17:53:56 IST" name="suiteSetUp" finished-at="2025-01-20T17:53:59 IST" duration-ms="2425" status="PASS">
          <reporter-output>
          </reporter-output>
        </test-method> <!-- suiteSetUp -->
        <test-method is-config="true" signature="setUp()[pri:0, instance:com.audree.infotech.pwo2.tests.Transcations.FinalClosureQATest@7b5a12ae]" started-at="2025-01-20T17:53:59 IST" name="setUp" finished-at="2025-01-20T17:54:02 IST" duration-ms="3160" status="PASS">
          <reporter-output>
          </reporter-output>
        </test-method> <!-- setUp -->
        <test-method signature="submittingRecord()[pri:0, instance:com.audree.infotech.pwo2.tests.Transcations.FinalClosureQATest@7b5a12ae]" started-at="2025-01-20T17:54:02 IST" name="submittingRecord" finished-at="2025-01-20T17:56:02 IST" duration-ms="120273" status="PASS">
          <reporter-output>
          </reporter-output>
        </test-method> <!-- submittingRecord -->
        <test-method is-config="true" signature="EndReport()[pri:0, instance:com.audree.infotech.pwo2.tests.Transcations.FinalClosureQATest@7b5a12ae]" started-at="2025-01-20T17:56:02 IST" name="EndReport" finished-at="2025-01-20T17:56:03 IST" duration-ms="154" status="PASS">
          <reporter-output>
          </reporter-output>
        </test-method> <!-- EndReport -->
      </class> <!-- com.audree.infotech.pwo2.tests.Transcations.FinalClosureQATest -->
    </test> <!-- FinalClosureTest -->
  </suite> <!-- FinalClosureSuite -->
</testng-results>
