<?xml version="1.0" encoding="UTF-8"?>
<!-- Generated by org.testng.reporters.JUnitXMLReporter -->
<testsuite ignored="1" hostname="AILT-100416" failures="0" tests="1" name="EquipOrInstId_Update" time="2.433" errors="0" timestamp="2024-08-27T17:27:57 IST">
  <testcase classname="com.audree.infotech.pwo2.tests.EquipOrInstId" name="Update" time="2.338"/>
  <testcase classname="com.audree.infotech.pwo2.tests.EquipOrInstId" name="Create" time="0.0">
    <ignored/>
  </testcase> <!-- Create -->
</testsuite> <!-- EquipOrInstId_Update -->
