<?xml version="1.0" encoding="UTF-8"?>
<!-- Generated by org.testng.reporters.JUnitXMLReporter -->
<testsuite ignored="1" hostname="AITHCLT006" failures="0" tests="1" name="FinalClosureTest" time="23.605" errors="0" timestamp="2025-04-08T12:48:47 IST">
  <testcase classname="com.audree.infotech.pwo2.tests.Transcations.FinalClosureQATest" name="submittingRecord" time="16.445"/>
  <testcase classname="com.audree.infotech.pwo2.tests.Transcations.FinalClosureQATest" name="returningRecord" time="0.0">
    <ignored/>
  </testcase> <!-- returningRecord -->
</testsuite> <!-- FinalClosureTest -->
