<?xml version="1.0" encoding="UTF-8"?>
<!-- Generated by org.testng.reporters.JUnitXMLReporter -->
<testsuite ignored="1" hostname="AITHCLT006" failures="0" tests="1" name="FinalClosureTest" time="19.399" errors="0" timestamp="2025-03-21T10:51:08 IST">
  <testcase classname="com.audree.infotech.pwo2.tests.Transcations.FinalClosureQATest" name="submittingRecord" time="15.93"/>
  <testcase classname="com.audree.infotech.pwo2.tests.Transcations.FinalClosureQATest" name="returningRecord" time="0.0">
    <ignored/>
  </testcase> <!-- returningRecord -->
</testsuite> <!-- FinalClosureTest -->
