<?xml version="1.0" encoding="UTF-8"?>
<!-- Generated by org.testng.reporters.JUnitReportReporter -->
<testsuite hostname="AITHCLT006" failures="0" tests="1" name="com.audree.infotech.pwo2.tests.Transcations.WorkOrderTrendReport" time="4.153" errors="0" timestamp="2025-04-08T15:46:06 IST" skipped="0">
  <testcase classname="com.audree.infotech.pwo2.tests.Transcations.WorkOrderTrendReport" name="testWorkOrderLog" time="4.153"/>
</testsuite> <!-- com.audree.infotech.pwo2.tests.Transcations.WorkOrderTrendReport -->
