<?xml version="1.0" encoding="UTF-8"?>
<!-- Generated by org.testng.reporters.JUnitReportReporter -->
<testsuite hostname="AITHCLT006" failures="0" tests="1" name="com.audree.infotech.pwo2.tests.Transcations.CategorizationOfWorkTest" time="21.700" errors="0" timestamp="2025-03-21T10:46:44 IST" skipped="0">
  <testcase classname="com.audree.infotech.pwo2.tests.Transcations.CategorizationOfWorkTest" name="submittingRecord" time="21.700"/>
</testsuite> <!-- com.audree.infotech.pwo2.tests.Transcations.CategorizationOfWorkTest -->
