<?xml version="1.0" encoding="UTF-8"?>
<!-- Generated by org.testng.reporters.JUnitReportReporter -->
<testsuite hostname="AITHCLT006" failures="0" tests="1" name="com.audree.infotech.pwo2.tests.Transcations.WorkUnderClosure" time="22.463" errors="0" timestamp="2025-04-08T12:06:22 IST" skipped="0">
  <testcase classname="com.audree.infotech.pwo2.tests.Transcations.WorkUnderClosure" name="submittingRecord" time="22.463"/>
</testsuite> <!-- com.audree.infotech.pwo2.tests.Transcations.WorkUnderClosure -->
