<?xml version="1.0" encoding="UTF-8"?>
<!-- Generated by org.testng.reporters.JUnitReportReporter -->
<testsuite hostname="AITHCLT006" failures="0" tests="5" name="com.audree.infotech.pwo2.tests.Transcations.WorkUnderProgressTest" time="23.999" errors="0" timestamp="2025-04-09T16:00:56 IST" skipped="0">
  <testcase classname="com.audree.infotech.pwo2.tests.Transcations.WorkUnderProgressTest" name="WorkUnderProgressActivitySave" time="2.793"/>
  <testcase classname="com.audree.infotech.pwo2.tests.Transcations.WorkUnderProgressTest" name="WorkUnderProgressSelect" time="1.702"/>
  <testcase classname="com.audree.infotech.pwo2.tests.Transcations.WorkUnderProgressTest" name="WorkUnderProgressSubmit" time="6.880"/>
  <testcase classname="com.audree.infotech.pwo2.tests.Transcations.WorkUnderProgressTest" name="WorkUnderProgressSave" time="9.062"/>
  <testcase classname="com.audree.infotech.pwo2.tests.Transcations.WorkUnderProgressTest" name="WorkUnderProgressActivitySubmit" time="3.562"/>
</testsuite> <!-- com.audree.infotech.pwo2.tests.Transcations.WorkUnderProgressTest -->
