<?xml version="1.0" encoding="UTF-8"?>
<!-- Generated by org.testng.reporters.JUnitReportReporter -->
<testsuite hostname="AITHCLT006" failures="0" tests="3" name="com.audree.infotech.pwo2.tests.Transcations.InitialReviewByQA" time="11.410" errors="0" timestamp="2025-04-08T10:45:54 IST" skipped="0">
  <testcase classname="com.audree.infotech.pwo2.tests.Transcations.InitialReviewByQA" name="initialReviewWorkFlow" time="1.942"/>
  <testcase classname="com.audree.infotech.pwo2.tests.Transcations.InitialReviewByQA" name="savingRecord" time="4.830"/>
  <testcase classname="com.audree.infotech.pwo2.tests.Transcations.InitialReviewByQA" name="submittingRecord" time="4.638"/>
</testsuite> <!-- com.audree.infotech.pwo2.tests.Transcations.InitialReviewByQA -->
