<?xml version="1.0" encoding="UTF-8"?>
<!-- Generated by org.testng.reporters.JUnitReportReporter -->
<testsuite hostname="AITHCLT006" failures="0" tests="1" name="com.audree.infotech.pwo2.tests.Transcations.ClosureInitiationTest" time="4.959" errors="0" timestamp="2025-04-01T15:25:24 IST" skipped="0">
  <testcase classname="com.audree.infotech.pwo2.tests.Transcations.ClosureInitiationTest" name="testSubmittingRecord" time="4.959"/>
</testsuite> <!-- com.audree.infotech.pwo2.tests.Transcations.ClosureInitiationTest -->
