<?xml version="1.0" encoding="UTF-8"?>
<!-- Generated by org.testng.reporters.JUnitReportReporter -->
<testsuite hostname="AITHCLT006" failures="0" tests="1" name="com.audree.infotech.pwo2.tests.Transcations.WorkOrderLogTestReport" time="9.187" errors="0" timestamp="2025-03-24T10:09:18 IST" skipped="0">
  <testcase classname="com.audree.infotech.pwo2.tests.Transcations.WorkOrderLogTestReport" name="testWorkOrderLog" time="9.187"/>
</testsuite> <!-- com.audree.infotech.pwo2.tests.Transcations.WorkOrderLogTestReport -->
