<?xml version="1.0" encoding="UTF-8"?>
<!-- Generated by org.testng.reporters.JUnitReportReporter -->
<testsuite hostname="AITHCLT006" failures="0" tests="3" name="com.audree.infotech.pwo2.tests.Transcations.EnInitialReviewTest" time="14.324" errors="0" timestamp="2025-04-08T10:40:23 IST" skipped="0">
  <testcase classname="com.audree.infotech.pwo2.tests.Transcations.EnInitialReviewTest" name="submittingRecord" time="4.900"/>
  <testcase classname="com.audree.infotech.pwo2.tests.Transcations.EnInitialReviewTest" name="savingRecord" time="6.943"/>
  <testcase classname="com.audree.infotech.pwo2.tests.Transcations.EnInitialReviewTest" name="EnInitialReviewWorkFlow" time="2.481"/>
</testsuite> <!-- com.audree.infotech.pwo2.tests.Transcations.EnInitialReviewTest -->
