<?xml version="1.0" encoding="UTF-8"?>
<!-- Generated by org.testng.reporters.JUnitReportReporter -->
<testsuite hostname="AILT-100416" failures="0" tests="1" name="com.audree.infotech.pwo2.tests.Transcations.EquipInstHistoryLogTest" time="3.869" errors="0" timestamp="2024-09-30T14:24:08 IST" skipped="0">
  <testcase classname="com.audree.infotech.pwo2.tests.Transcations.EquipInstHistoryLogTest" name="testEquipInstHistoryLog" time="3.869"/>
</testsuite> <!-- com.audree.infotech.pwo2.tests.Transcations.EquipInstHistoryLogTest -->
