<?xml version="1.0" encoding="UTF-8"?>
<!-- Generated by org.testng.reporters.JUnitReportReporter -->
<testsuite hostname="AITHCLT006" failures="0" tests="1" name="com.audree.infotech.pwo2.tests.Transcations.ClosureInitiationTest" time="5.201" errors="0" timestamp="2025-03-21T10:47:53 IST" skipped="0">
  <testcase classname="com.audree.infotech.pwo2.tests.Transcations.ClosureInitiationTest" name="testSubmittingRecord" time="5.201"/>
</testsuite> <!-- com.audree.infotech.pwo2.tests.Transcations.ClosureInitiationTest -->
