<?xml version="1.0" encoding="UTF-8"?>
<!-- Generated by org.testng.reporters.JUnitReportReporter -->
<testsuite hostname="AITHCLT006" failures="0" tests="1" name="com.audree.infotech.pwo2.tests.Transcations.ImpactAssessmentByUserTest" time="14.845" errors="0" timestamp="2025-03-21T10:45:59 IST" skipped="0">
  <testcase classname="com.audree.infotech.pwo2.tests.Transcations.ImpactAssessmentByUserTest" name="submittingRecord" time="14.845"/>
</testsuite> <!-- com.audree.infotech.pwo2.tests.Transcations.ImpactAssessmentByUserTest -->
