<?xml version="1.0" encoding="UTF-8"?>
<!-- Generated by org.testng.reporters.JUnitReportReporter -->
<testsuite hostname="AITHCLT006" failures="0" tests="2" name="com.audree.infotech.pwo2.tests.masters.TypeOfWork" time="11.698" errors="0" timestamp="2025-01-18T12:48:41 IST" skipped="0">
  <testcase classname="com.audree.infotech.pwo2.tests.masters.TypeOfWork" name="Create" time="5.956"/>
  <testcase classname="com.audree.infotech.pwo2.tests.masters.TypeOfWork" name="Update" time="5.742"/>
</testsuite> <!-- com.audree.infotech.pwo2.tests.masters.TypeOfWork -->
