<?xml version="1.0" encoding="UTF-8"?>
<!-- Generated by org.testng.reporters.JUnitReportReporter -->
<testsuite hostname="AITHCLT006" failures="0" tests="1" name="com.audree.infotech.pwo2.tests.Transcations.ClosureInitiation" time="32.856" errors="0" timestamp="2025-01-20T17:30:14 IST" skipped="0">
  <testcase classname="com.audree.infotech.pwo2.tests.Transcations.ClosureInitiation" name="submittingRecord" time="32.856"/>
</testsuite> <!-- com.audree.infotech.pwo2.tests.Transcations.ClosureInitiation -->
