<?xml version="1.0" encoding="UTF-8"?>
<!-- Generated by org.testng.reporters.JUnitReportReporter -->
<testsuite hostname="AITHCLT006" failures="0" tests="1" name="com.audree.infotech.pwo2.tests.Transcations.FinalClosureQATest" time="16.445" errors="0" timestamp="2025-04-08T12:48:47 IST" skipped="0">
  <testcase classname="com.audree.infotech.pwo2.tests.Transcations.FinalClosureQATest" name="submittingRecord" time="16.445"/>
</testsuite> <!-- com.audree.infotech.pwo2.tests.Transcations.FinalClosureQATest -->
