<?xml version="1.0" encoding="UTF-8"?>
<!-- Generated by org.testng.reporters.JUnitReportReporter -->
<testsuite hostname="AITHCLT006" failures="0" tests="2" name="com.audree.infotech.pwo2.tests.masters.FailureObjectTest" time="11.657" errors="0" timestamp="2025-01-18T12:58:19 IST" skipped="0">
  <testcase classname="com.audree.infotech.pwo2.tests.masters.FailureObjectTest" name="Create" time="5.997"/>
  <testcase classname="com.audree.infotech.pwo2.tests.masters.FailureObjectTest" name="Update" time="5.660"/>
</testsuite> <!-- com.audree.infotech.pwo2.tests.masters.FailureObjectTest -->
