<?xml version="1.0" encoding="UTF-8"?>
<!-- Generated by org.testng.reporters.JUnitReportReporter -->
<testsuite hostname="AITHCLT006" failures="0" tests="3" name="com.audree.infotech.pwo2.tests.masters.MaterialCodeTest" time="2.136" errors="1" timestamp="2025-04-07T11:02:43 IST" skipped="2">
  <testcase classname="com.audree.infotech.pwo2.tests.masters.MaterialCodeTest" name="setUp" time="2.136">
    <error message="Java heap space" type="java.lang.OutOfMemoryError">
      <![CDATA[java.lang.OutOfMemoryError: Java heap space
at java.base/java.io.ByteArrayOutputStream.<init>(ByteArrayOutputStream.java:81)
at org.apache.poi.util.IOUtils.toByteArray(IOUtils.java:177)
at org.apache.poi.util.IOUtils.toByteArray(IOUtils.java:149)
at org.apache.poi.openxml4j.util.ZipArchiveFakeEntry.<init>(ZipArchiveFakeEntry.java:47)
at org.apache.poi.openxml4j.util.ZipInputStreamZipEntrySource.<init>(ZipInputStreamZipEntrySource.java:53)
at org.apache.poi.openxml4j.opc.ZipPackage.<init>(ZipPackage.java:106)
at org.apache.poi.openxml4j.opc.OPCPackage.open(OPCPackage.java:307)
at org.apache.poi.ooxml.util.PackageHelper.open(PackageHelper.java:47)
at org.apache.poi.xssf.usermodel.XSSFWorkbook.<init>(XSSFWorkbook.java:309)
at com.audree.infotech.pwo2.testcomponents.Xls_Reader.<init>(Xls_Reader.java:25)
at com.audree.infotech.pwo2.tests.masters.MaterialCodeTest.setUp(MaterialCodeTest.java:22)
at java.base/java.lang.invoke.LambdaForm$DMH/0x0000000800d24000.invokeVirtual(LambdaForm$DMH)
at java.base/java.lang.invoke.LambdaForm$MH/0x0000000800d00000.invoke(LambdaForm$MH)
at java.base/java.lang.invoke.Invokers$Holder.invokeExact_MT(Invokers$Holder)
at java.base/jdk.internal.reflect.DirectMethodHandleAccessor.invokeImpl(DirectMethodHandleAccessor.java:154)
at java.base/jdk.internal.reflect.DirectMethodHandleAccessor.invoke(DirectMethodHandleAccessor.java:104)
at java.base/java.lang.reflect.Method.invoke(Method.java:577)
at org.testng.internal.invokers.MethodInvocationHelper.invokeMethod(MethodInvocationHelper.java:141)
at org.testng.internal.invokers.MethodInvocationHelper.invokeMethodConsideringTimeout(MethodInvocationHelper.java:71)
at org.testng.internal.invokers.ConfigInvoker.invokeConfigurationMethod(ConfigInvoker.java:400)
at org.testng.internal.invokers.ConfigInvoker.invokeConfigurations(ConfigInvoker.java:333)
at org.testng.internal.invokers.TestMethodWorker.invokeBeforeClassMethods(TestMethodWorker.java:188)
at org.testng.internal.invokers.TestMethodWorker.run(TestMethodWorker.java:128)
at org.testng.TestRunner$$Lambda$233/0x0000000800d1bd40.accept(Unknown Source)
at java.base/java.util.ArrayList.forEach(ArrayList.java:1511)
at org.testng.TestRunner.privateRun(TestRunner.java:739)
at org.testng.TestRunner.run(TestRunner.java:614)
at org.testng.SuiteRunner.runTest(SuiteRunner.java:421)
at org.testng.SuiteRunner.runSequentially(SuiteRunner.java:413)
at org.testng.SuiteRunner.privateRun(SuiteRunner.java:373)
at org.testng.SuiteRunner.run(SuiteRunner.java:312)
at org.testng.SuiteRunnerWorker.runSuite(SuiteRunnerWorker.java:52)
]]>
    </error>
  </testcase> <!-- setUp -->
  <testcase classname="com.audree.infotech.pwo2.tests.masters.MaterialCodeTest" name="Create" time="0.000">
    <skipped/>
  </testcase> <!-- Create -->
  <testcase classname="com.audree.infotech.pwo2.tests.masters.MaterialCodeTest" name="Update" time="0.000">
    <skipped/>
  </testcase> <!-- Update -->
</testsuite> <!-- com.audree.infotech.pwo2.tests.masters.MaterialCodeTest -->
