<?xml version="1.0" encoding="UTF-8"?>
<!-- Generated by org.testng.reporters.JUnitReportReporter -->
<testsuite hostname="AITHCLT006" failures="0" tests="2" name="com.audree.infotech.pwo2.tests.Transcations.WorkOrderInitiationTest" time="20.513" errors="0" timestamp="2025-03-21T10:34:10 IST" skipped="0">
  <testcase classname="com.audree.infotech.pwo2.tests.Transcations.WorkOrderInitiationTest" name="createWorkOrder" time="17.365"/>
  <testcase classname="com.audree.infotech.pwo2.tests.Transcations.WorkOrderInitiationTest" name="submitRecord" time="3.148"/>
</testsuite> <!-- com.audree.infotech.pwo2.tests.Transcations.WorkOrderInitiationTest -->
