<?xml version="1.0" encoding="UTF-8"?>
<!-- Generated by org.testng.reporters.JUnitReportReporter -->
<testsuite hostname="AITHCLT006" failures="0" tests="2" name="com.audree.infotech.pwo2.tests.masters.FailureObjectTest" time="8.720" errors="0" timestamp="2025-03-21T10:30:21 IST" skipped="0">
  <testcase classname="com.audree.infotech.pwo2.tests.masters.FailureObjectTest" name="Update" time="4.109"/>
  <testcase classname="com.audree.infotech.pwo2.tests.masters.FailureObjectTest" name="Create" time="4.611"/>
</testsuite> <!-- com.audree.infotech.pwo2.tests.masters.FailureObjectTest -->
