<?xml version="1.0" encoding="UTF-8"?>
<!-- Generated by org.testng.reporters.JUnitReportReporter -->
<testsuite hostname="AITHCLT006" failures="0" tests="5" name="com.audree.infotech.pwo2.tests.Transcations.WorkUnderProgressTest" time="23.743" errors="0" timestamp="2025-04-01T15:22:14 IST" skipped="0">
  <testcase classname="com.audree.infotech.pwo2.tests.Transcations.WorkUnderProgressTest" name="WorkUnderProgressSubmit" time="6.702"/>
  <testcase classname="com.audree.infotech.pwo2.tests.Transcations.WorkUnderProgressTest" name="WorkUnderProgressActivitySubmit" time="3.547"/>
  <testcase classname="com.audree.infotech.pwo2.tests.Transcations.WorkUnderProgressTest" name="WorkUnderProgressSelect" time="2.046"/>
  <testcase classname="com.audree.infotech.pwo2.tests.Transcations.WorkUnderProgressTest" name="WorkUnderProgressActivitySave" time="2.481"/>
  <testcase classname="com.audree.infotech.pwo2.tests.Transcations.WorkUnderProgressTest" name="WorkUnderProgressSave" time="8.967"/>
</testsuite> <!-- com.audree.infotech.pwo2.tests.Transcations.WorkUnderProgressTest -->
