<?xml version="1.0" encoding="UTF-8"?>
<!-- Generated by org.testng.reporters.JUnitReportReporter -->
<testsuite hostname="AITHCLT006" failures="0" tests="1" name="com.audree.infotech.pwo2.tests.Transcations.WorkOrderLogTest" time="6.311" errors="0" timestamp="2025-03-21T11:00:02 IST" skipped="0">
  <testcase classname="com.audree.infotech.pwo2.tests.Transcations.WorkOrderLogTest" name="testWorkOrderLog" time="6.311"/>
</testsuite> <!-- com.audree.infotech.pwo2.tests.Transcations.WorkOrderLogTest -->
